21:35:16 **** Build of configuration Release for project AllLEDS ****
make all 
Building file: ../AllLEDS.cpp
Starting C++ compile
"C:/apps/arduino-1.5.5-r2/hardware/tools/avr/bin/avr-g++" -c -g -Os -fno-exceptions -ffunction-sections -fdata-sections -MMD -mmcu=atmega328p -DF_CPU=16000000L -DARDUINO=155-r2 -DARDUINO_AVR_UNO -DARDUINO_ARCH_AVR    -I"C:\apps\arduino-1.5.5-r2\hardware\arduino\avr\cores\arduino" -I"C:\apps\arduino-1.5.5-r2\hardware\arduino\avr\variants\standard" -MMD -MP -MF"AllLEDS.cpp.d" -MT"AllLEDS.cpp.d" -D__IN_ECLIPSE__=1 -x c++ "../AllLEDS.cpp"  -o  "AllLEDS.cpp.o"   -Wall
Finished building: ../AllLEDS.cpp
 
Building file: C:/apps/arduino-1.5.5-r2/hardware/arduino/avr/cores/arduino/avr-libc/malloc.c
Starting C compile
"C:/apps/arduino-1.5.5-r2/hardware/tools/avr/bin/avr-gcc" -c -g -Os -ffunction-sections -fdata-sections -MMD -mmcu=atmega328p -DF_CPU=16000000L -DARDUINO=155-r2 -DARDUINO_AVR_UNO -DARDUINO_ARCH_AVR    -I"C:\apps\arduino-1.5.5-r2\hardware\arduino\avr\cores\arduino" -I"C:\apps\arduino-1.5.5-r2\hardware\arduino\avr\variants\standard" -MMD -MP -MF"arduino/malloc.c.d" -MT"arduino/malloc.c.d" -D__IN_ECLIPSE__=1 "C:/apps/arduino-1.5.5-r2/hardware/arduino/avr/cores/arduino/avr-libc/malloc.c"  -o  "arduino/malloc.c.o"   -Wall
Finished building: C:/apps/arduino-1.5.5-r2/hardware/arduino/avr/cores/arduino/avr-libc/malloc.c
 
Building file: C:/apps/arduino-1.5.5-r2/hardware/arduino/avr/cores/arduino/avr-libc/realloc.c
Starting C compile
"C:/apps/arduino-1.5.5-r2/hardware/tools/avr/bin/avr-gcc" -c -g -Os -ffunction-sections -fdata-sections -MMD -mmcu=atmega328p -DF_CPU=16000000L -DARDUINO=155-r2 -DARDUINO_AVR_UNO -DARDUINO_ARCH_AVR    -I"C:\apps\arduino-1.5.5-r2\hardware\arduino\avr\cores\arduino" -I"C:\apps\arduino-1.5.5-r2\hardware\arduino\avr\variants\standard" -MMD -MP -MF"arduino/realloc.c.d" -MT"arduino/realloc.c.d" -D__IN_ECLIPSE__=1 "C:/apps/arduino-1.5.5-r2/hardware/arduino/avr/cores/arduino/avr-libc/realloc.c"  -o  "arduino/realloc.c.o"   -Wall
Finished building: C:/apps/arduino-1.5.5-r2/hardware/arduino/avr/cores/arduino/avr-libc/realloc.c
 
Building file: C:/apps/arduino-1.5.5-r2/hardware/arduino/avr/cores/arduino/CDC.cpp
Starting C++ compile
"C:/apps/arduino-1.5.5-r2/hardware/tools/avr/bin/avr-g++" -c -g -Os -fno-exceptions -ffunction-sections -fdata-sections -MMD -mmcu=atmega328p -DF_CPU=16000000L -DARDUINO=155-r2 -DARDUINO_AVR_UNO -DARDUINO_ARCH_AVR    -I"C:\apps\arduino-1.5.5-r2\hardware\arduino\avr\cores\arduino" -I"C:\apps\arduino-1.5.5-r2\hardware\arduino\avr\variants\standard" -MMD -MP -MF"arduino/CDC.cpp.d" -MT"arduino/CDC.cpp.d" -D__IN_ECLIPSE__=1 -x c++ "C:/apps/arduino-1.5.5-r2/hardware/arduino/avr/cores/arduino/CDC.cpp"  -o  "arduino/CDC.cpp.o"   -Wall
Finished building: C:/apps/arduino-1.5.5-r2/hardware/arduino/avr/cores/arduino/CDC.cpp
 
Building file: C:/apps/arduino-1.5.5-r2/hardware/arduino/avr/cores/arduino/HID.cpp
Starting C++ compile
"C:/apps/arduino-1.5.5-r2/hardware/tools/avr/bin/avr-g++" -c -g -Os -fno-exceptions -ffunction-sections -fdata-sections -MMD -mmcu=atmega328p -DF_CPU=16000000L -DARDUINO=155-r2 -DARDUINO_AVR_UNO -DARDUINO_ARCH_AVR    -I"C:\apps\arduino-1.5.5-r2\hardware\arduino\avr\cores\arduino" -I"C:\apps\arduino-1.5.5-r2\hardware\arduino\avr\variants\standard" -MMD -MP -MF"arduino/HID.cpp.d" -MT"arduino/HID.cpp.d" -D__IN_ECLIPSE__=1 -x c++ "C:/apps/arduino-1.5.5-r2/hardware/arduino/avr/cores/arduino/HID.cpp"  -o  "arduino/HID.cpp.o"   -Wall
Finished building: C:/apps/arduino-1.5.5-r2/hardware/arduino/avr/cores/arduino/HID.cpp
 
Building file: C:/apps/arduino-1.5.5-r2/hardware/arduino/avr/cores/arduino/HardwareSerial.cpp
Starting C++ compile
"C:/apps/arduino-1.5.5-r2/hardware/tools/avr/bin/avr-g++" -c -g -Os -fno-exceptions -ffunction-sections -fdata-sections -MMD -mmcu=atmega328p -DF_CPU=16000000L -DARDUINO=155-r2 -DARDUINO_AVR_UNO -DARDUINO_ARCH_AVR    -I"C:\apps\arduino-1.5.5-r2\hardware\arduino\avr\cores\arduino" -I"C:\apps\arduino-1.5.5-r2\hardware\arduino\avr\variants\standard" -MMD -MP -MF"arduino/HardwareSerial.cpp.d" -MT"arduino/HardwareSerial.cpp.d" -D__IN_ECLIPSE__=1 -x c++ "C:/apps/arduino-1.5.5-r2/hardware/arduino/avr/cores/arduino/HardwareSerial.cpp"  -o  "arduino/HardwareSerial.cpp.o"   -Wall
C:/apps/arduino-1.5.5-r2/hardware/arduino/avr/cores/arduino/HardwareSerial.cpp: In function 'void __vector_18()':
C:/apps/arduino-1.5.5-r2/hardware/arduino/avr/cores/arduino/HardwareSerial.cpp:89: warning: unused variable 'c'
C:/apps/arduino-1.5.5-r2/hardware/arduino/avr/cores/arduino/HardwareSerial.cpp: In member function 'void HardwareSerial::begin(long unsigned int, byte)':
C:/apps/arduino-1.5.5-r2/hardware/arduino/avr/cores/arduino/HardwareSerial.cpp:329: warning: unused variable 'current_config'
Finished building: C:/apps/arduino-1.5.5-r2/hardware/arduino/avr/cores/arduino/HardwareSerial.cpp
 
Building file: C:/apps/arduino-1.5.5-r2/hardware/arduino/avr/cores/arduino/IPAddress.cpp
Starting C++ compile
"C:/apps/arduino-1.5.5-r2/hardware/tools/avr/bin/avr-g++" -c -g -Os -fno-exceptions -ffunction-sections -fdata-sections -MMD -mmcu=atmega328p -DF_CPU=16000000L -DARDUINO=155-r2 -DARDUINO_AVR_UNO -DARDUINO_ARCH_AVR    -I"C:\apps\arduino-1.5.5-r2\hardware\arduino\avr\cores\arduino" -I"C:\apps\arduino-1.5.5-r2\hardware\arduino\avr\variants\standard" -MMD -MP -MF"arduino/IPAddress.cpp.d" -MT"arduino/IPAddress.cpp.d" -D__IN_ECLIPSE__=1 -x c++ "C:/apps/arduino-1.5.5-r2/hardware/arduino/avr/cores/arduino/IPAddress.cpp"  -o  "arduino/IPAddress.cpp.o"   -Wall
Finished building: C:/apps/arduino-1.5.5-r2/hardware/arduino/avr/cores/arduino/IPAddress.cpp
 
Building file: C:/apps/arduino-1.5.5-r2/hardware/arduino/avr/cores/arduino/Print.cpp
Starting C++ compile
"C:/apps/arduino-1.5.5-r2/hardware/tools/avr/bin/avr-g++" -c -g -Os -fno-exceptions -ffunction-sections -fdata-sections -MMD -mmcu=atmega328p -DF_CPU=16000000L -DARDUINO=155-r2 -DARDUINO_AVR_UNO -DARDUINO_ARCH_AVR    -I"C:\apps\arduino-1.5.5-r2\hardware\arduino\avr\cores\arduino" -I"C:\apps\arduino-1.5.5-r2\hardware\arduino\avr\variants\standard" -MMD -MP -MF"arduino/Print.cpp.d" -MT"arduino/Print.cpp.d" -D__IN_ECLIPSE__=1 -x c++ "C:/apps/arduino-1.5.5-r2/hardware/arduino/avr/cores/arduino/Print.cpp"  -o  "arduino/Print.cpp.o"   -Wall
C:/apps/arduino-1.5.5-r2/hardware/arduino/avr/cores/arduino/Print.cpp: In member function 'size_t Print::print(const __FlashStringHelper*)':
C:/apps/arduino-1.5.5-r2/hardware/arduino/avr/cores/arduino/Print.cpp:44: warning: '__progmem__' attribute ignored
Finished building: C:/apps/arduino-1.5.5-r2/hardware/arduino/avr/cores/arduino/Print.cpp
 
Building file: C:/apps/arduino-1.5.5-r2/hardware/arduino/avr/cores/arduino/Stream.cpp
Starting C++ compile
"C:/apps/arduino-1.5.5-r2/hardware/tools/avr/bin/avr-g++" -c -g -Os -fno-exceptions -ffunction-sections -fdata-sections -MMD -mmcu=atmega328p -DF_CPU=16000000L -DARDUINO=155-r2 -DARDUINO_AVR_UNO -DARDUINO_ARCH_AVR    -I"C:\apps\arduino-1.5.5-r2\hardware\arduino\avr\cores\arduino" -I"C:\apps\arduino-1.5.5-r2\hardware\arduino\avr\variants\standard" -MMD -MP -MF"arduino/Stream.cpp.d" -MT"arduino/Stream.cpp.d" -D__IN_ECLIPSE__=1 -x c++ "C:/apps/arduino-1.5.5-r2/hardware/arduino/avr/cores/arduino/Stream.cpp"  -o  "arduino/Stream.cpp.o"   -Wall
Finished building: C:/apps/arduino-1.5.5-r2/hardware/arduino/avr/cores/arduino/Stream.cpp
 
Building file: C:/apps/arduino-1.5.5-r2/hardware/arduino/avr/cores/arduino/Tone.cpp
Starting C++ compile
"C:/apps/arduino-1.5.5-r2/hardware/tools/avr/bin/avr-g++" -c -g -Os -fno-exceptions -ffunction-sections -fdata-sections -MMD -mmcu=atmega328p -DF_CPU=16000000L -DARDUINO=155-r2 -DARDUINO_AVR_UNO -DARDUINO_ARCH_AVR    -I"C:\apps\arduino-1.5.5-r2\hardware\arduino\avr\cores\arduino" -I"C:\apps\arduino-1.5.5-r2\hardware\arduino\avr\variants\standard" -MMD -MP -MF"arduino/Tone.cpp.d" -MT"arduino/Tone.cpp.d" -D__IN_ECLIPSE__=1 -x c++ "C:/apps/arduino-1.5.5-r2/hardware/arduino/avr/cores/arduino/Tone.cpp"  -o  "arduino/Tone.cpp.o"   -Wall
C:/apps/arduino-1.5.5-r2/hardware/arduino/avr/cores/arduino/Tone.cpp:119: warning: only initialized variables can be placed into program memory area
Finished building: C:/apps/arduino-1.5.5-r2/hardware/arduino/avr/cores/arduino/Tone.cpp
 
Building file: C:/apps/arduino-1.5.5-r2/hardware/arduino/avr/cores/arduino/USBCore.cpp
Starting C++ compile
"C:/apps/arduino-1.5.5-r2/hardware/tools/avr/bin/avr-g++" -c -g -Os -fno-exceptions -ffunction-sections -fdata-sections -MMD -mmcu=atmega328p -DF_CPU=16000000L -DARDUINO=155-r2 -DARDUINO_AVR_UNO -DARDUINO_ARCH_AVR    -I"C:\apps\arduino-1.5.5-r2\hardware\arduino\avr\cores\arduino" -I"C:\apps\arduino-1.5.5-r2\hardware\arduino\avr\variants\standard" -MMD -MP -MF"arduino/USBCore.cpp.d" -MT"arduino/USBCore.cpp.d" -D__IN_ECLIPSE__=1 -x c++ "C:/apps/arduino-1.5.5-r2/hardware/arduino/avr/cores/arduino/USBCore.cpp"  -o  "arduino/USBCore.cpp.o"   -Wall
Finished building: C:/apps/arduino-1.5.5-r2/hardware/arduino/avr/cores/arduino/USBCore.cpp
 
Building file: C:/apps/arduino-1.5.5-r2/hardware/arduino/avr/cores/arduino/WInterrupts.c
Starting C compile
"C:/apps/arduino-1.5.5-r2/hardware/tools/avr/bin/avr-gcc" -c -g -Os -ffunction-sections -fdata-sections -MMD -mmcu=atmega328p -DF_CPU=16000000L -DARDUINO=155-r2 -DARDUINO_AVR_UNO -DARDUINO_ARCH_AVR    -I"C:\apps\arduino-1.5.5-r2\hardware\arduino\avr\cores\arduino" -I"C:\apps\arduino-1.5.5-r2\hardware\arduino\avr\variants\standard" -MMD -MP -MF"arduino/WInterrupts.c.d" -MT"arduino/WInterrupts.c.d" -D__IN_ECLIPSE__=1 "C:/apps/arduino-1.5.5-r2/hardware/arduino/avr/cores/arduino/WInterrupts.c"  -o  "arduino/WInterrupts.c.o"   -Wall
Finished building: C:/apps/arduino-1.5.5-r2/hardware/arduino/avr/cores/arduino/WInterrupts.c
 
Building file: C:/apps/arduino-1.5.5-r2/hardware/arduino/avr/cores/arduino/WMath.cpp
Starting C++ compile
"C:/apps/arduino-1.5.5-r2/hardware/tools/avr/bin/avr-g++" -c -g -Os -fno-exceptions -ffunction-sections -fdata-sections -MMD -mmcu=atmega328p -DF_CPU=16000000L -DARDUINO=155-r2 -DARDUINO_AVR_UNO -DARDUINO_ARCH_AVR    -I"C:\apps\arduino-1.5.5-r2\hardware\arduino\avr\cores\arduino" -I"C:\apps\arduino-1.5.5-r2\hardware\arduino\avr\variants\standard" -MMD -MP -MF"arduino/WMath.cpp.d" -MT"arduino/WMath.cpp.d" -D__IN_ECLIPSE__=1 -x c++ "C:/apps/arduino-1.5.5-r2/hardware/arduino/avr/cores/arduino/WMath.cpp"  -o  "arduino/WMath.cpp.o"   -Wall
Finished building: C:/apps/arduino-1.5.5-r2/hardware/arduino/avr/cores/arduino/WMath.cpp
 
Building file: C:/apps/arduino-1.5.5-r2/hardware/arduino/avr/cores/arduino/WString.cpp
Starting C++ compile
"C:/apps/arduino-1.5.5-r2/hardware/tools/avr/bin/avr-g++" -c -g -Os -fno-exceptions -ffunction-sections -fdata-sections -MMD -mmcu=atmega328p -DF_CPU=16000000L -DARDUINO=155-r2 -DARDUINO_AVR_UNO -DARDUINO_ARCH_AVR    -I"C:\apps\arduino-1.5.5-r2\hardware\arduino\avr\cores\arduino" -I"C:\apps\arduino-1.5.5-r2\hardware\arduino\avr\variants\standard" -MMD -MP -MF"arduino/WString.cpp.d" -MT"arduino/WString.cpp.d" -D__IN_ECLIPSE__=1 -x c++ "C:/apps/arduino-1.5.5-r2/hardware/arduino/avr/cores/arduino/WString.cpp"  -o  "arduino/WString.cpp.o"   -Wall
Finished building: C:/apps/arduino-1.5.5-r2/hardware/arduino/avr/cores/arduino/WString.cpp
 
Building file: C:/apps/arduino-1.5.5-r2/hardware/arduino/avr/cores/arduino/hooks.c
Starting C compile
"C:/apps/arduino-1.5.5-r2/hardware/tools/avr/bin/avr-gcc" -c -g -Os -ffunction-sections -fdata-sections -MMD -mmcu=atmega328p -DF_CPU=16000000L -DARDUINO=155-r2 -DARDUINO_AVR_UNO -DARDUINO_ARCH_AVR    -I"C:\apps\arduino-1.5.5-r2\hardware\arduino\avr\cores\arduino" -I"C:\apps\arduino-1.5.5-r2\hardware\arduino\avr\variants\standard" -MMD -MP -MF"arduino/hooks.c.d" -MT"arduino/hooks.c.d" -D__IN_ECLIPSE__=1 "C:/apps/arduino-1.5.5-r2/hardware/arduino/avr/cores/arduino/hooks.c"  -o  "arduino/hooks.c.o"   -Wall
Finished building: C:/apps/arduino-1.5.5-r2/hardware/arduino/avr/cores/arduino/hooks.c
 
Building file: C:/apps/arduino-1.5.5-r2/hardware/arduino/avr/cores/arduino/main.cpp
Starting C++ compile
"C:/apps/arduino-1.5.5-r2/hardware/tools/avr/bin/avr-g++" -c -g -Os -fno-exceptions -ffunction-sections -fdata-sections -MMD -mmcu=atmega328p -DF_CPU=16000000L -DARDUINO=155-r2 -DARDUINO_AVR_UNO -DARDUINO_ARCH_AVR    -I"C:\apps\arduino-1.5.5-r2\hardware\arduino\avr\cores\arduino" -I"C:\apps\arduino-1.5.5-r2\hardware\arduino\avr\variants\standard" -MMD -MP -MF"arduino/main.cpp.d" -MT"arduino/main.cpp.d" -D__IN_ECLIPSE__=1 -x c++ "C:/apps/arduino-1.5.5-r2/hardware/arduino/avr/cores/arduino/main.cpp"  -o  "arduino/main.cpp.o"   -Wall
Finished building: C:/apps/arduino-1.5.5-r2/hardware/arduino/avr/cores/arduino/main.cpp
 
Building file: C:/apps/arduino-1.5.5-r2/hardware/arduino/avr/cores/arduino/new.cpp
Starting C++ compile
"C:/apps/arduino-1.5.5-r2/hardware/tools/avr/bin/avr-g++" -c -g -Os -fno-exceptions -ffunction-sections -fdata-sections -MMD -mmcu=atmega328p -DF_CPU=16000000L -DARDUINO=155-r2 -DARDUINO_AVR_UNO -DARDUINO_ARCH_AVR    -I"C:\apps\arduino-1.5.5-r2\hardware\arduino\avr\cores\arduino" -I"C:\apps\arduino-1.5.5-r2\hardware\arduino\avr\variants\standard" -MMD -MP -MF"arduino/new.cpp.d" -MT"arduino/new.cpp.d" -D__IN_ECLIPSE__=1 -x c++ "C:/apps/arduino-1.5.5-r2/hardware/arduino/avr/cores/arduino/new.cpp"  -o  "arduino/new.cpp.o"   -Wall
Finished building: C:/apps/arduino-1.5.5-r2/hardware/arduino/avr/cores/arduino/new.cpp
 
Building file: C:/apps/arduino-1.5.5-r2/hardware/arduino/avr/cores/arduino/wiring.c
Starting C compile
"C:/apps/arduino-1.5.5-r2/hardware/tools/avr/bin/avr-gcc" -c -g -Os -ffunction-sections -fdata-sections -MMD -mmcu=atmega328p -DF_CPU=16000000L -DARDUINO=155-r2 -DARDUINO_AVR_UNO -DARDUINO_ARCH_AVR    -I"C:\apps\arduino-1.5.5-r2\hardware\arduino\avr\cores\arduino" -I"C:\apps\arduino-1.5.5-r2\hardware\arduino\avr\variants\standard" -MMD -MP -MF"arduino/wiring.c.d" -MT"arduino/wiring.c.d" -D__IN_ECLIPSE__=1 "C:/apps/arduino-1.5.5-r2/hardware/arduino/avr/cores/arduino/wiring.c"  -o  "arduino/wiring.c.o"   -Wall
Finished building: C:/apps/arduino-1.5.5-r2/hardware/arduino/avr/cores/arduino/wiring.c
 
Building file: C:/apps/arduino-1.5.5-r2/hardware/arduino/avr/cores/arduino/wiring_analog.c
Starting C compile
"C:/apps/arduino-1.5.5-r2/hardware/tools/avr/bin/avr-gcc" -c -g -Os -ffunction-sections -fdata-sections -MMD -mmcu=atmega328p -DF_CPU=16000000L -DARDUINO=155-r2 -DARDUINO_AVR_UNO -DARDUINO_ARCH_AVR    -I"C:\apps\arduino-1.5.5-r2\hardware\arduino\avr\cores\arduino" -I"C:\apps\arduino-1.5.5-r2\hardware\arduino\avr\variants\standard" -MMD -MP -MF"arduino/wiring_analog.c.d" -MT"arduino/wiring_analog.c.d" -D__IN_ECLIPSE__=1 "C:/apps/arduino-1.5.5-r2/hardware/arduino/avr/cores/arduino/wiring_analog.c"  -o  "arduino/wiring_analog.c.o"   -Wall
Finished building: C:/apps/arduino-1.5.5-r2/hardware/arduino/avr/cores/arduino/wiring_analog.c
 
Building file: C:/apps/arduino-1.5.5-r2/hardware/arduino/avr/cores/arduino/wiring_digital.c
Starting C compile
"C:/apps/arduino-1.5.5-r2/hardware/tools/avr/bin/avr-gcc" -c -g -Os -ffunction-sections -fdata-sections -MMD -mmcu=atmega328p -DF_CPU=16000000L -DARDUINO=155-r2 -DARDUINO_AVR_UNO -DARDUINO_ARCH_AVR    -I"C:\apps\arduino-1.5.5-r2\hardware\arduino\avr\cores\arduino" -I"C:\apps\arduino-1.5.5-r2\hardware\arduino\avr\variants\standard" -MMD -MP -MF"arduino/wiring_digital.c.d" -MT"arduino/wiring_digital.c.d" -D__IN_ECLIPSE__=1 "C:/apps/arduino-1.5.5-r2/hardware/arduino/avr/cores/arduino/wiring_digital.c"  -o  "arduino/wiring_digital.c.o"   -Wall
Finished building: C:/apps/arduino-1.5.5-r2/hardware/arduino/avr/cores/arduino/wiring_digital.c
 
Building file: C:/apps/arduino-1.5.5-r2/hardware/arduino/avr/cores/arduino/wiring_pulse.c
Starting C compile
"C:/apps/arduino-1.5.5-r2/hardware/tools/avr/bin/avr-gcc" -c -g -Os -ffunction-sections -fdata-sections -MMD -mmcu=atmega328p -DF_CPU=16000000L -DARDUINO=155-r2 -DARDUINO_AVR_UNO -DARDUINO_ARCH_AVR    -I"C:\apps\arduino-1.5.5-r2\hardware\arduino\avr\cores\arduino" -I"C:\apps\arduino-1.5.5-r2\hardware\arduino\avr\variants\standard" -MMD -MP -MF"arduino/wiring_pulse.c.d" -MT"arduino/wiring_pulse.c.d" -D__IN_ECLIPSE__=1 "C:/apps/arduino-1.5.5-r2/hardware/arduino/avr/cores/arduino/wiring_pulse.c"  -o  "arduino/wiring_pulse.c.o"   -Wall
Finished building: C:/apps/arduino-1.5.5-r2/hardware/arduino/avr/cores/arduino/wiring_pulse.c
 
Building file: C:/apps/arduino-1.5.5-r2/hardware/arduino/avr/cores/arduino/wiring_shift.c
Starting C compile
"C:/apps/arduino-1.5.5-r2/hardware/tools/avr/bin/avr-gcc" -c -g -Os -ffunction-sections -fdata-sections -MMD -mmcu=atmega328p -DF_CPU=16000000L -DARDUINO=155-r2 -DARDUINO_AVR_UNO -DARDUINO_ARCH_AVR    -I"C:\apps\arduino-1.5.5-r2\hardware\arduino\avr\cores\arduino" -I"C:\apps\arduino-1.5.5-r2\hardware\arduino\avr\variants\standard" -MMD -MP -MF"arduino/wiring_shift.c.d" -MT"arduino/wiring_shift.c.d" -D__IN_ECLIPSE__=1 "C:/apps/arduino-1.5.5-r2/hardware/arduino/avr/cores/arduino/wiring_shift.c"  -o  "arduino/wiring_shift.c.o"   -Wall
Finished building: C:/apps/arduino-1.5.5-r2/hardware/arduino/avr/cores/arduino/wiring_shift.c
 
Starting archiver
"C:/apps/arduino-1.5.5-r2/hardware/tools/avr/bin/avr-ar" rcs "D:/code/githubrepos/arduino/AllLEDS/Release/arduino.ar"    ./arduino/malloc.c.o ./arduino/realloc.c.o  ./arduino/CDC.cpp.o ./arduino/HID.cpp.o ./arduino/HardwareSerial.cpp.o ./arduino/IPAddress.cpp.o ./arduino/Print.cpp.o ./arduino/Stream.cpp.o ./arduino/Tone.cpp.o ./arduino/USBCore.cpp.o ./arduino/WInterrupts.c.o ./arduino/WMath.cpp.o ./arduino/WString.cpp.o ./arduino/hooks.c.o ./arduino/main.cpp.o ./arduino/new.cpp.o ./arduino/wiring.c.o ./arduino/wiring_analog.c.o ./arduino/wiring_digital.c.o ./arduino/wiring_pulse.c.o ./arduino/wiring_shift.c.o 
Finished building: D:/code/githubrepos/arduino/AllLEDS/Release/arduino.ar
 
Starting combiner
"C:/apps/arduino-1.5.5-r2/hardware/tools/avr/bin/avr-gcc" -Os -Wl,--gc-sections -mmcu=atmega328p -o "D:/code/githubrepos/arduino/AllLEDS/Release/AllLEDS.elf"    ./AllLEDS.cpp.o   D:/code/githubrepos/arduino/AllLEDS/Release/arduino.ar   "D:/code/githubrepos/arduino/AllLEDS/Release/arduino.ar" "-LD:/code/githubrepos/arduino/AllLEDS/Release" -lm
Finished building: AllLEDS.elf
 
Create eeprom image
"C:/apps/arduino-1.5.5-r2/hardware/tools/avr/bin/avr-objcopy" -O ihex -j .eeprom --set-section-flags=.eeprom=alloc,load --no-change-warnings --change-section-lma .eeprom=0 "D:/code/githubrepos/arduino/AllLEDS/Release/AllLEDS.elf" "D:/code/githubrepos/arduino/AllLEDS/Release/AllLEDS.eep"
Finished building: AllLEDS.eep
 
Create Flash image (ihex format)
"C:/apps/arduino-1.5.5-r2/hardware/tools/avr/bin/avr-objcopy" -O ihex -R .eeprom "D:/code/githubrepos/arduino/AllLEDS/Release/AllLEDS.elf" "D:/code/githubrepos/arduino/AllLEDS/Release/AllLEDS.hex"
Finished building: AllLEDS.hex
 
Building target: AllLEDS
Printing size:
"C:/apps/arduino-1.5.5-r2/hardware/tools/avr/bin/avr-size" -A "D:/code/githubrepos/arduino/AllLEDS/Release/AllLEDS.elf"
D:/code/githubrepos/arduino/AllLEDS/Release/AllLEDS.elf  :
section            size      addr
.data                10   8388864
.text              1162         0
.bss                  9   8388874
.debug_aranges      224         0
.debug_pubnames     481         0
.debug_info        3012         0
.debug_abbrev      1054         0
.debug_line        2650         0
.debug_frame        288         0
.debug_str          841         0
.debug_loc          761         0
.debug_ranges       184         0
Total             10676


Finished building target: AllLEDS
 

21:35:20 Build Finished (took 3s.983ms)

