13:35:47 **** Incremental Build of configuration Release for project BlinkLED ****
make all 
Building file: ../BlinkLED.cpp
Starting C++ compile
"C:/apps/arduino-1.5.5-r2/hardware/tools/avr/bin/avr-g++" -c -g -Os -fno-exceptions -ffunction-sections -fdata-sections -MMD -mmcu=atmega328p -DF_CPU=16000000L -DARDUINO=155-r2 -DARDUINO_AVR_UNO -DARDUINO_ARCH_AVR    -I"C:\apps\arduino-1.5.5-r2\hardware\arduino\avr\cores\arduino" -I"C:\apps\arduino-1.5.5-r2\hardware\arduino\avr\variants\standard" -MMD -MP -MF"BlinkLED.cpp.d" -MT"BlinkLED.cpp.d" -D__IN_ECLIPSE__=1 -x c++ "../BlinkLED.cpp"  -o  "BlinkLED.cpp.o"   -Wall
Finished building: ../BlinkLED.cpp
 
Starting combiner
"C:/apps/arduino-1.5.5-r2/hardware/tools/avr/bin/avr-gcc" -Os -Wl,--gc-sections -mmcu=atmega328p -o "D:/code/githubrepos/arduino/BlinkLED/Release/BlinkLED.elf"    ./BlinkLED.cpp.o   D:/code/githubrepos/arduino/BlinkLED/Release/arduino.ar   "D:/code/githubrepos/arduino/BlinkLED/Release/arduino.ar" "-LD:/code/githubrepos/arduino/BlinkLED/Release" -lm
Finished building: BlinkLED.elf
 
Create eeprom image
"C:/apps/arduino-1.5.5-r2/hardware/tools/avr/bin/avr-objcopy" -O ihex -j .eeprom --set-section-flags=.eeprom=alloc,load --no-change-warnings --change-section-lma .eeprom=0 "D:/code/githubrepos/arduino/BlinkLED/Release/BlinkLED.elf" "D:/code/githubrepos/arduino/BlinkLED/Release/BlinkLED.eep"
Finished building: BlinkLED.eep
 
Create Flash image (ihex format)
"C:/apps/arduino-1.5.5-r2/hardware/tools/avr/bin/avr-objcopy" -O ihex -R .eeprom "D:/code/githubrepos/arduino/BlinkLED/Release/BlinkLED.elf" "D:/code/githubrepos/arduino/BlinkLED/Release/BlinkLED.hex"
Finished building: BlinkLED.hex
 
Building target: BlinkLED
Printing size:
"C:/apps/arduino-1.5.5-r2/hardware/tools/avr/bin/avr-size" -A "D:/code/githubrepos/arduino/BlinkLED/Release/BlinkLED.elf"
D:/code/githubrepos/arduino/BlinkLED/Release/BlinkLED.elf  :
section            size      addr
.data                 2   8388864
.text              1114         0
.bss                  9   8388866
.debug_aranges      224         0
.debug_pubnames     431         0
.debug_info        2940         0
.debug_abbrev      1054         0
.debug_line        2611         0
.debug_frame        288         0
.debug_str          810         0
.debug_loc          761         0
.debug_ranges       184         0
Total             10428


Finished building target: BlinkLED
 

13:35:48 Build Finished (took 578ms)

