22:05:44 **** Incremental Build of configuration Release for project ObstacleDetector ****
make all 
Building target: ObstacleDetector
Printing size:
"C:/apps/arduino-1.5.5-r2/hardware/tools/avr/bin/avr-size" -A "D:/code/githubrepos/arduino/ObstacleDetector/Release/ObstacleDetector.elf"
D:/code/githubrepos/arduino/ObstacleDetector/Release/ObstacleDetector.elf  :
section            size      addr
.data                16   8388864
.text              2872         0
.bss                171   8388880
.debug_aranges     1552         0
.debug_pubnames    3496         0
.debug_info       29725         0
.debug_abbrev      4821         0
.debug_line       14032         0
.debug_frame       2720         0
.debug_str         6862         0
.debug_loc        17403         0
.debug_ranges      1480         0
Total             85150


Finished building target: ObstacleDetector
 

22:05:44 Build Finished (took 232ms)

