14:13:32 **** Incremental Build of configuration Release for project Ultrasonic ****
make all 
Building file: ../Ultrasonic.cpp
Starting C++ compile
"C:/apps/arduino-1.5.5-r2/hardware/tools/avr/bin/avr-g++" -c -g -Os -fno-exceptions -ffunction-sections -fdata-sections -MMD -mmcu=atmega328p -DF_CPU=16000000L -DARDUINO=155-r2 -DARDUINO_AVR_UNO -DARDUINO_ARCH_AVR    -I"C:\apps\arduino-1.5.5-r2\hardware\arduino\avr\cores\arduino" -I"C:\apps\arduino-1.5.5-r2\hardware\arduino\avr\variants\standard" -MMD -MP -MF"Ultrasonic.cpp.d" -MT"Ultrasonic.cpp.d" -D__IN_ECLIPSE__=1 -x c++ "../Ultrasonic.cpp"  -o  "Ultrasonic.cpp.o"   -Wall
Finished building: ../Ultrasonic.cpp
 
Starting combiner
"C:/apps/arduino-1.5.5-r2/hardware/tools/avr/bin/avr-gcc" -Os -Wl,--gc-sections -mmcu=atmega328p -o "D:/code/githubrepos/arduino/Ultrasonic/Release/Ultrasonic.elf"    ./Ultrasonic.cpp.o   D:/code/githubrepos/arduino/Ultrasonic/Release/arduino.ar   "D:/code/githubrepos/arduino/Ultrasonic/Release/arduino.ar" "-LD:/code/githubrepos/arduino/Ultrasonic/Release" -lm
Finished building: Ultrasonic.elf
 
Create eeprom image
"C:/apps/arduino-1.5.5-r2/hardware/tools/avr/bin/avr-objcopy" -O ihex -j .eeprom --set-section-flags=.eeprom=alloc,load --no-change-warnings --change-section-lma .eeprom=0 "D:/code/githubrepos/arduino/Ultrasonic/Release/Ultrasonic.elf" "D:/code/githubrepos/arduino/Ultrasonic/Release/Ultrasonic.eep"
Finished building: Ultrasonic.eep
 
Create Flash image (ihex format)
"C:/apps/arduino-1.5.5-r2/hardware/tools/avr/bin/avr-objcopy" -O ihex -R .eeprom "D:/code/githubrepos/arduino/Ultrasonic/Release/Ultrasonic.elf" "D:/code/githubrepos/arduino/Ultrasonic/Release/Ultrasonic.hex"
Finished building: Ultrasonic.hex
 
Building target: Ultrasonic
Printing size:
"C:/apps/arduino-1.5.5-r2/hardware/tools/avr/bin/avr-size" -A "D:/code/githubrepos/arduino/Ultrasonic/Release/Ultrasonic.elf"
D:/code/githubrepos/arduino/Ultrasonic/Release/Ultrasonic.elf  :
section            size      addr
.data                16   8388864
.text              3304         0
.bss                171   8388880
.debug_aranges     1544         0
.debug_pubnames    3480         0
.debug_info       29638         0
.debug_abbrev      4798         0
.debug_line       13918         0
.debug_frame       2704         0
.debug_str         6797         0
.debug_loc        17403         0
.debug_ranges      1472         0
Total             85245


Finished building target: Ultrasonic
 

14:13:33 Build Finished (took 682ms)

